<?xml version="1.0" encoding="UTF-8"?>
<!-- Generated by org.testng.reporters.JUnitReportReporter -->
<testsuite skipped="0" hostname="evs01cpb424" name="Test_cases.Login" tests="1" failures="0" timestamp="6 Apr 2018 07:31:21 GMT" time="14.037" errors="0">
  <testcase name="login_user" time="14.037" classname="Test_cases.Login"/>
</testsuite> <!-- Test_cases.Login -->
